<?xml version="1.0" encoding="UTF-8"?>
<!-- Generated by org.testng.reporters.JUnitReportReporter -->
<testsuite hostname="LAPTOP-PD9GQMN8" failures="0" tests="2" name="VMO.assignments.Login" time="10.493" errors="0" timestamp="2024-08-03T02:58:39 IST" skipped="0">
  <testcase classname="VMO.assignments.Login" name="abtestValidLogin" time="4.476"/>
  <system-out/>
  <testcase classname="VMO.assignments.Login" name="amountisSorted" time="6.017"/>
  <system-out/>
</testsuite> <!-- VMO.assignments.Login -->
